<?xml version="1.0" encoding="UTF-8"?>
<!-- Generated by org.testng.reporters.JUnitReportReporter -->
<testsuite hostname="acer" failures="0" tests="1" name="testcases.TestCase" time="30.289" errors="0" timestamp="2025-02-27T13:36:40 IST" skipped="0">
  <testcase classname="testcases.TestCase" name="testcase1" time="30.289"/>
</testsuite> <!-- testcases.TestCase -->
